positions: instr line
events: cpu(ms)

ob=
fl=(1) /Users/bytedance/go/src/github.com/guox33/rick/main.go
fn=(1) main.A
0x14a9c9c 63 70
+15 62 40
-28 63 20
+4 63 20
+5 63 10

ob=
fl=(1)
fn=(2) main.B
+109 70 10

ob=
fl=(2) /usr/local/go/src/runtime/proc.go
fn=(3) runtime.main
-4650931 255 0
cfl=(1)
cfn=(4) main.main
calls=0 +303 87
* * 160
cfl=(1)
cfn=(4)
calls=0 +298 86
* * 10

ob=
fl=(1)
fn=(2)
+4650974 73 0
cfl=(1)
cfn=(1)
calls=0 +4650826 63
* * 70
cfl=(1)
cfn=(1)
calls=0 +4650841 62
* * 30
cfl=(1)
cfn=(1)
calls=0 +4650813 63
* * 20
cfl=(1)
cfn=(1)
calls=0 +4650817 63
* * 20
cfl=(1)
cfn=(1)
calls=0 +4650822 63
* * 10

ob=
fl=(1)
fn=(4)
+255 86 0
cfl=(1)
cfn=(1)
calls=0 -133 62
* * 10
+5 87 0
cfl=(1)
cfn=(2)
calls=0 -255 73
* * 150
cfl=(1)
cfn=(2)
calls=0 -298 70
* * 10
